   Compiling regex-automata v0.4.7
   Compiling syn v2.0.71
   Compiling once_cell v1.19.0
   Compiling regex v1.10.5
error[E0463]: can't find crate for `std`
  |
  = note: the `x86_64-unknown-none` target may not support the standard library
  = note: `std` is required by `once_cell` because it does not declare `#![no_std]`
  = help: consider building the standard library from source with `cargo build -Zbuild-std`

error[E0463]: can't find crate for `std`
 --> /home/tait/.cargo/registry/src/index.crates.io-6f17d22bba15001f/once_cell-1.19.0/src/imp_std.rs:6:5
  |
6 | use std::{
  |     ^^^ can't find crate
  |
  = note: the `x86_64-unknown-none` target may not support the standard library
  = help: consider building the standard library from source with `cargo build -Zbuild-std`

error: cannot find macro `panic` in this scope
   --> /home/tait/.cargo/registry/src/index.crates.io-6f17d22bba15001f/once_cell-1.19.0/src/lib.rs:753:47
    |
753 |                 init.take().unwrap_or_else(|| panic!("Lazy instance has previously been poisoned"))
    |                                               ^^^^^
    |
help: consider importing this macro
    |
384 +     use core::panic;
    |

error: cannot find macro `panic` in this scope
   --> /home/tait/.cargo/registry/src/index.crates.io-6f17d22bba15001f/once_cell-1.19.0/src/lib.rs:776:25
    |
776 |                 None => panic!("Lazy instance has previously been poisoned"),
    |                         ^^^^^
    |
help: consider importing this macro
    |
384 +     use core::panic;
    |

error: cannot find macro `panic` in this scope
   --> /home/tait/.cargo/registry/src/index.crates.io-6f17d22bba15001f/once_cell-1.19.0/src/lib.rs:798:29
    |
798 |                     None => panic!("Lazy instance has previously been poisoned"),
    |                             ^^^^^
    |
help: consider importing this macro
    |
384 +     use core::panic;
    |

error: cannot find macro `unreachable` in this scope
   --> /home/tait/.cargo/registry/src/index.crates.io-6f17d22bba15001f/once_cell-1.19.0/src/lib.rs:802:51
    |
802 |             this.cell.get_mut().unwrap_or_else(|| unreachable!())
    |                                                   ^^^^^^^^^^^
    |
help: consider importing this macro
    |
384 +     use core::unreachable;
    |

error: cannot find macro `panic` in this scope
    --> /home/tait/.cargo/registry/src/index.crates.io-6f17d22bba15001f/once_cell-1.19.0/src/lib.rs:1289:47
     |
1289 |                 init.take().unwrap_or_else(|| panic!("Lazy instance has previously been poisoned"))
     |                                               ^^^^^
     |
help: consider importing this macro
     |
864  +     use core::panic;
     |

error: cannot find macro `panic` in this scope
    --> /home/tait/.cargo/registry/src/index.crates.io-6f17d22bba15001f/once_cell-1.19.0/src/lib.rs:1311:25
     |
1311 |                 None => panic!("Lazy instance has previously been poisoned"),
     |                         ^^^^^
     |
help: consider importing this macro
     |
864  +     use core::panic;
     |

error: cannot find macro `panic` in this scope
    --> /home/tait/.cargo/registry/src/index.crates.io-6f17d22bba15001f/once_cell-1.19.0/src/lib.rs:1331:29
     |
1331 |                     None => panic!("Lazy instance has previously been poisoned"),
     |                             ^^^^^
     |
help: consider importing this macro
     |
864  +     use core::panic;
     |

error: cannot find macro `unreachable` in this scope
    --> /home/tait/.cargo/registry/src/index.crates.io-6f17d22bba15001f/once_cell-1.19.0/src/lib.rs:1335:51
     |
1335 |             this.cell.get_mut().unwrap_or_else(|| unreachable!())
     |                                                   ^^^^^^^^^^^
     |
help: consider importing this macro
     |
864  +     use core::unreachable;
     |

error: cannot find attribute `derive` in this scope
  --> /home/tait/.cargo/registry/src/index.crates.io-6f17d22bba15001f/once_cell-1.19.0/src/imp_std.rs:13:3
   |
13 | #[derive(Debug)]
   |   ^^^^^^
   |
help: consider importing this attribute macro
   |
6  + use core::prelude::rust_2024::derive;
   |

error: cannot find macro `debug_assert` in this scope
   --> /home/tait/.cargo/registry/src/index.crates.io-6f17d22bba15001f/once_cell-1.19.0/src/imp_std.rs:100:9
    |
100 |         debug_assert!(self.is_initialized());
    |         ^^^^^^^^^^^^
    |
help: consider importing this macro
    |
6   + use core::debug_assert;
    |

error: cannot find macro `assert_eq` in this scope
   --> /home/tait/.cargo/registry/src/index.crates.io-6f17d22bba15001f/once_cell-1.19.0/src/imp_std.rs:155:9
    |
155 |         assert_eq!(state, RUNNING);
    |         ^^^^^^^^^
    |
help: consider importing this macro
    |
6   + use core::assert_eq;
    |

error: cannot find macro `debug_assert` in this scope
   --> /home/tait/.cargo/registry/src/index.crates.io-6f17d22bba15001f/once_cell-1.19.0/src/imp_std.rs:205:18
    |
205 |             _ => debug_assert!(false),
    |                  ^^^^^^^^^^^^
    |
help: consider importing this macro
    |
6   + use core::debug_assert;
    |

error: cannot find macro `assert` in this scope
   --> /home/tait/.cargo/registry/src/index.crates.io-6f17d22bba15001f/once_cell-1.19.0/src/lib.rs:634:13
    |
634 |             assert!(self.set(val).is_ok(), "reentrant init");
    |             ^^^^^^
    |
help: consider importing this macro
    |
384 +     use core::assert;
    |

error: cannot find macro `debug_assert` in this scope
   --> /home/tait/.cargo/registry/src/index.crates.io-6f17d22bba15001f/once_cell-1.19.0/src/lib.rs:997:13
    |
997 |             debug_assert!(self.0.is_initialized());
    |             ^^^^^^^^^^^^
    |
help: consider importing this macro
    |
864 +     use core::debug_assert;
    |

error: cannot find macro `debug_assert` in this scope
    --> /home/tait/.cargo/registry/src/index.crates.io-6f17d22bba15001f/once_cell-1.19.0/src/lib.rs:1164:13
     |
1164 |             debug_assert!(self.0.is_initialized());
     |             ^^^^^^^^^^^^
     |
help: consider importing this macro
     |
864  +     use core::debug_assert;
     |

error: cannot find attribute `derive` in this scope
  --> /home/tait/.cargo/registry/src/index.crates.io-6f17d22bba15001f/once_cell-1.19.0/src/race.rs:34:3
   |
34 | #[derive(Default, Debug)]
   |   ^^^^^^
   |
help: consider importing this attribute macro
   |
24 + use core::prelude::rust_2024::derive;
   |

error: cannot find attribute `derive` in this scope
   --> /home/tait/.cargo/registry/src/index.crates.io-6f17d22bba15001f/once_cell-1.19.0/src/race.rs:113:3
    |
113 | #[derive(Default, Debug)]
    |   ^^^^^^
    |
help: consider importing this attribute macro
    |
24  + use core::prelude::rust_2024::derive;
    |

error: cannot find macro `write` in this scope
   --> /home/tait/.cargo/registry/src/index.crates.io-6f17d22bba15001f/once_cell-1.19.0/src/race.rs:189:9
    |
189 |         write!(f, "OnceRef({:?})", self.inner)
    |         ^^^^^
    |
help: consider importing this macro
    |
24  + use core::write;
    |

error: cannot find macro `write` in this scope
   --> /home/tait/.cargo/registry/src/index.crates.io-6f17d22bba15001f/once_cell-1.19.0/src/race.rs:308:13
    |
308 |             write!(f, "OnceBox({:?})", self.inner.load(Ordering::Relaxed))
    |             ^^^^^
    |
help: consider importing this macro
    |
295 +     use core::write;
    |

error[E0408]: variable `None` is not bound in all patterns
   --> /home/tait/.cargo/registry/src/index.crates.io-6f17d22bba15001f/once_cell-1.19.0/src/imp_std.rs:201:34
    |
201 |             (INCOMPLETE, None) | (RUNNING, _) => {
    |                          ----    ^^^^^^^^^^^^ pattern doesn't bind `None`
    |                          |
    |                          variable not in all patterns
    |
help: if you meant to match on unit variant `core::option::Option::None`, use the full path in the pattern
    |
201 |             (INCOMPLETE, core::option::Option::None) | (RUNNING, _) => {
    |                          ~~~~~~~~~~~~~~~~~~~~~~~~~~

error[E0412]: cannot find type `Option` in this scope
  --> /home/tait/.cargo/registry/src/index.crates.io-6f17d22bba15001f/once_cell-1.19.0/src/imp_std.rs:24:23
   |
24 |     value: UnsafeCell<Option<T>>,
   |                       ^^^^^^ not found in this scope
   |
help: consider importing this enum
   |
6  + use core::option::Option;
   |

error[E0405]: cannot find trait `Sync` in this scope
  --> /home/tait/.cargo/registry/src/index.crates.io-6f17d22bba15001f/once_cell-1.19.0/src/imp_std.rs:32:29
   |
32 | unsafe impl<T: Sync + Send> Sync for OnceCell<T> {}
   |                             ^^^^ not found in this scope
   |
help: consider importing this trait
   |
6  + use core::marker::Sync;
   |

error[E0405]: cannot find trait `Sync` in this scope
  --> /home/tait/.cargo/registry/src/index.crates.io-6f17d22bba15001f/once_cell-1.19.0/src/imp_std.rs:32:16
   |
32 | unsafe impl<T: Sync + Send> Sync for OnceCell<T> {}
   |                ^^^^ not found in this scope
   |
help: consider importing this trait
   |
6  + use core::marker::Sync;
   |

error[E0405]: cannot find trait `Send` in this scope
  --> /home/tait/.cargo/registry/src/index.crates.io-6f17d22bba15001f/once_cell-1.19.0/src/imp_std.rs:32:23
   |
32 | unsafe impl<T: Sync + Send> Sync for OnceCell<T> {}
   |                       ^^^^ not found in this scope
   |
help: consider importing this trait
   |
6  + use core::marker::Send;
   |

error[E0405]: cannot find trait `Send` in this scope
  --> /home/tait/.cargo/registry/src/index.crates.io-6f17d22bba15001f/once_cell-1.19.0/src/imp_std.rs:33:22
   |
33 | unsafe impl<T: Send> Send for OnceCell<T> {}
   |                      ^^^^ not found in this scope
   |
help: consider importing this trait
   |
6  + use core::marker::Send;
   |

error[E0405]: cannot find trait `Send` in this scope
  --> /home/tait/.cargo/registry/src/index.crates.io-6f17d22bba15001f/once_cell-1.19.0/src/imp_std.rs:33:16
   |
33 | unsafe impl<T: Send> Send for OnceCell<T> {}
   |                ^^^^ not found in this scope
   |
help: consider importing this trait
   |
6  + use core::marker::Send;
   |

error[E0425]: cannot find value `None` in this scope
  --> /home/tait/.cargo/registry/src/index.crates.io-6f17d22bba15001f/once_cell-1.19.0/src/imp_std.rs:40:82
   |
40 |         OnceCell { queue: AtomicPtr::new(INCOMPLETE_PTR), value: UnsafeCell::new(None) }
   |                                                                                  ^^^^ not found in this scope
   |
help: consider importing this unit variant
   |
6  + use core::option::Option::None;
   |

error[E0425]: cannot find function, tuple struct or tuple variant `Some` in this scope
  --> /home/tait/.cargo/registry/src/index.crates.io-6f17d22bba15001f/once_cell-1.19.0/src/imp_std.rs:44:80
   |
44 |         OnceCell { queue: AtomicPtr::new(COMPLETE_PTR), value: UnsafeCell::new(Some(value)) }
   |                                                                                ^^^^ not found in this scope
   |
help: consider importing this tuple variant
   |
6  + use core::option::Option::Some;
   |

error[E0405]: cannot find trait `FnOnce` in this scope
  --> /home/tait/.cargo/registry/src/index.crates.io-6f17d22bba15001f/once_cell-1.19.0/src/imp_std.rs:63:12
   |
63 |         F: FnOnce() -> Result<T, E>,
   |            ^^^^^^ not found in this scope
   |
help: consider importing this trait
   |
6  + use core::ops::FnOnce;
   |

error[E0412]: cannot find type `Result` in this scope
  --> /home/tait/.cargo/registry/src/index.crates.io-6f17d22bba15001f/once_cell-1.19.0/src/imp_std.rs:63:24
   |
63 |         F: FnOnce() -> Result<T, E>,
   |                        ^^^^^^ not found in this scope
   |
help: consider importing one of these items
   |
6  + use core::fmt::Result;
   |
6  + use core::result::Result;
   |
6  + use alloc::fmt::Result;
   |

error[E0412]: cannot find type `Result` in this scope
  --> /home/tait/.cargo/registry/src/index.crates.io-6f17d22bba15001f/once_cell-1.19.0/src/imp_std.rs:61:52
   |
61 |     pub(crate) fn initialize<F, E>(&self, f: F) -> Result<(), E>
   |                                                    ^^^^^^ not found in this scope
   |
help: consider importing one of these items
   |
6  + use core::fmt::Result;
   |
6  + use core::result::Result;
   |
6  + use alloc::fmt::Result;
   |

error[E0425]: cannot find function, tuple struct or tuple variant `Some` in this scope
  --> /home/tait/.cargo/registry/src/index.crates.io-6f17d22bba15001f/once_cell-1.19.0/src/imp_std.rs:65:21
   |
65 |         let mut f = Some(f);
   |                     ^^^^ not found in this scope
   |
help: consider importing this tuple variant
   |
6  + use core::option::Option::Some;
   |

error[E0412]: cannot find type `Result` in this scope
  --> /home/tait/.cargo/registry/src/index.crates.io-6f17d22bba15001f/once_cell-1.19.0/src/imp_std.rs:66:22
   |
66 |         let mut res: Result<(), E> = Ok(());
   |                      ^^^^^^ not found in this scope
   |
help: consider importing one of these items
   |
6  + use core::fmt::Result;
   |
6  + use core::result::Result;
   |
6  + use alloc::fmt::Result;
   |

error[E0425]: cannot find function, tuple struct or tuple variant `Ok` in this scope
  --> /home/tait/.cargo/registry/src/index.crates.io-6f17d22bba15001f/once_cell-1.19.0/src/imp_std.rs:66:38
   |
66 |         let mut res: Result<(), E> = Ok(());
   |                                      ^^ not found in this scope
   |
help: consider importing this tuple variant
   |
6  + use core::result::Result::Ok;
   |

error[E0412]: cannot find type `Option` in this scope
  --> /home/tait/.cargo/registry/src/index.crates.io-6f17d22bba15001f/once_cell-1.19.0/src/imp_std.rs:67:24
   |
67 |         let slot: *mut Option<T> = self.value.get();
   |                        ^^^^^^ not found in this scope
   |
help: consider importing this enum
   |
6  + use core::option::Option;
   |

error[E0425]: cannot find function, tuple struct or tuple variant `Some` in this scope
  --> /home/tait/.cargo/registry/src/index.crates.io-6f17d22bba15001f/once_cell-1.19.0/src/imp_std.rs:70:13
   |
70 |             Some(&mut || {
   |             ^^^^ not found in this scope
   |
help: consider importing this tuple variant
   |
6  + use core::option::Option::Some;
   |

error[E0531]: cannot find tuple struct or tuple variant `Ok` in this scope
  --> /home/tait/.cargo/registry/src/index.crates.io-6f17d22bba15001f/once_cell-1.19.0/src/imp_std.rs:73:21
   |
73 |                     Ok(value) => {
   |                     ^^ not found in this scope
   |
help: consider importing this tuple variant
   |
6  + use core::result::Result::Ok;
   |

error[E0425]: cannot find function, tuple struct or tuple variant `Some` in this scope
  --> /home/tait/.cargo/registry/src/index.crates.io-6f17d22bba15001f/once_cell-1.19.0/src/imp_std.rs:74:42
   |
74 |                         unsafe { *slot = Some(value) };
   |                                          ^^^^ not found in this scope
   |
help: consider importing this tuple variant
   |
6  + use core::option::Option::Some;
   |

error[E0531]: cannot find tuple struct or tuple variant `Err` in this scope
  --> /home/tait/.cargo/registry/src/index.crates.io-6f17d22bba15001f/once_cell-1.19.0/src/imp_std.rs:77:21
   |
77 |                     Err(err) => {
   |                     ^^^ not found in this scope
   |
help: consider importing this tuple variant
   |
6  + use core::result::Result::Err;
   |

error[E0425]: cannot find function, tuple struct or tuple variant `Err` in this scope
  --> /home/tait/.cargo/registry/src/index.crates.io-6f17d22bba15001f/once_cell-1.19.0/src/imp_std.rs:78:31
   |
78 |                         res = Err(err);
   |                               ^^^
   |
help: a local variable with a similar name exists
   |
78 |                         res = err(err);
   |                               ~~~
help: consider importing this tuple variant
   |
6  + use core::result::Result::Err;
   |

error[E0425]: cannot find value `None` in this scope
  --> /home/tait/.cargo/registry/src/index.crates.io-6f17d22bba15001f/once_cell-1.19.0/src/imp_std.rs:89:41
   |
89 |         initialize_or_wait(&self.queue, None);
   |                                         ^^^^ not found in this scope
   |
help: consider importing this unit variant
   |
6  + use core::option::Option::None;
   |

error[E0412]: cannot find type `Option` in this scope
   --> /home/tait/.cargo/registry/src/index.crates.io-6f17d22bba15001f/once_cell-1.19.0/src/imp_std.rs:107:41
    |
107 |     pub(crate) fn get_mut(&mut self) -> Option<&mut T> {
    |                                         ^^^^^^ not found in this scope
    |
help: consider importing this enum
    |
6   + use core::option::Option;
    |

error[E0412]: cannot find type `Option` in this scope
   --> /home/tait/.cargo/registry/src/index.crates.io-6f17d22bba15001f/once_cell-1.19.0/src/imp_std.rs:115:39
    |
115 |     pub(crate) fn into_inner(self) -> Option<T> {
    |                                       ^^^^^^ not found in this scope
    |
help: consider importing this enum
    |
6   + use core::option::Option;
    |

error[E0412]: cannot find type `Option` in this scope
   --> /home/tait/.cargo/registry/src/index.crates.io-6f17d22bba15001f/once_cell-1.19.0/src/imp_std.rs:139:18
    |
139 |     thread: Cell<Option<Thread>>,
    |                  ^^^^^^ not found in this scope
    |
help: consider importing this enum
    |
6   + use core::option::Option;
    |

error[E0405]: cannot find trait `Drop` in this scope
   --> /home/tait/.cargo/registry/src/index.crates.io-6f17d22bba15001f/once_cell-1.19.0/src/imp_std.rs:150:6
    |
150 | impl Drop for Guard<'_> {
    |      ^^^^ not found in this scope
    |
help: consider importing this trait
    |
6   + use core::ops::Drop;
    |

error[E0412]: cannot find type `Option` in this scope
   --> /home/tait/.cargo/registry/src/index.crates.io-6f17d22bba15001f/once_cell-1.19.0/src/imp_std.rs:177:60
    |
177 | fn initialize_or_wait(queue: &AtomicPtr<Waiter>, mut init: Option<&mut dyn FnMut() -> bool>) {
    |                                                            ^^^^^^ not found in this scope
    |
help: consider importing this enum
    |
6   + use core::option::Option;
    |

error[E0405]: cannot find trait `FnMut` in this scope
   --> /home/tait/.cargo/registry/src/index.crates.io-6f17d22bba15001f/once_cell-1.19.0/src/imp_std.rs:177:76
    |
177 | fn initialize_or_wait(queue: &AtomicPtr<Waiter>, mut init: Option<&mut dyn FnMut() -> bool>) {
    |                                                                            ^^^^^ not found in this scope
    |
help: consider importing this trait
    |
6   + use core::ops::FnMut;
    |

error[E0531]: cannot find tuple struct or tuple variant `Some` in this scope
   --> /home/tait/.cargo/registry/src/index.crates.io-6f17d22bba15001f/once_cell-1.19.0/src/imp_std.rs:184:26
    |
184 |             (INCOMPLETE, Some(init)) => {
    |                          ^^^^ not found in this scope
    |
help: consider importing this tuple variant
    |
6   + use core::option::Option::Some;
    |

error[E0531]: cannot find tuple struct or tuple variant `Err` in this scope
   --> /home/tait/.cargo/registry/src/index.crates.io-6f17d22bba15001f/once_cell-1.19.0/src/imp_std.rs:191:24
    |
191 |                 if let Err(new_queue) = exchange {
    |                        ^^^ not found in this scope
    |
help: consider importing this tuple variant
    |
6   + use core::result::Result::Err;
    |

error[E0425]: cannot find function, tuple struct or tuple variant `Some` in this scope
   --> /home/tait/.cargo/registry/src/index.crates.io-6f17d22bba15001f/once_cell-1.19.0/src/imp_std.rs:214:31
    |
214 |             thread: Cell::new(Some(thread::current())),
    |                               ^^^^ not found in this scope
    |
help: consider importing this tuple variant
    |
6   + use core::option::Option::Some;
    |

error[E0531]: cannot find tuple struct or tuple variant `Err` in this scope
   --> /home/tait/.cargo/registry/src/index.crates.io-6f17d22bba15001f/once_cell-1.19.0/src/imp_std.rs:226:16
    |
226 |         if let Err(new_queue) = exchange {
    |                ^^^ not found in this scope
    |
help: consider importing this tuple variant
    |
6   + use core::result::Result::Err;
    |

error[E0405]: cannot find trait `Sized` in this scope
   --> /home/tait/.cargo/registry/src/index.crates.io-6f17d22bba15001f/once_cell-1.19.0/src/imp_std.rs:250:12
    |
250 |         T: Sized,
    |            ^^^^^ not found in this scope
    |
help: consider importing this trait
    |
246 +     use core::marker::Sized;
    |

error[E0405]: cannot find trait `Sized` in this scope
   --> /home/tait/.cargo/registry/src/index.crates.io-6f17d22bba15001f/once_cell-1.19.0/src/imp_std.rs:262:12
    |
262 |         T: Sized,
    |            ^^^^^ not found in this scope
    |
help: consider importing this trait
    |
246 +     use core::marker::Sized;
    |

error[E0405]: cannot find trait `Sized` in this scope
   --> /home/tait/.cargo/registry/src/index.crates.io-6f17d22bba15001f/once_cell-1.19.0/src/imp_std.rs:283:12
    |
283 |         T: Sized,
    |            ^^^^^ not found in this scope
    |
help: consider importing this trait
    |
246 +     use core::marker::Sized;
    |

error[E0405]: cannot find trait `FnOnce` in this scope
   --> /home/tait/.cargo/registry/src/index.crates.io-6f17d22bba15001f/once_cell-1.19.0/src/imp_std.rs:281:52
    |
281 |     pub(crate) fn map_addr<T>(ptr: *mut T, f: impl FnOnce(usize) -> usize) -> *mut T
    |                                                    ^^^^^^ not found in this scope
    |
help: consider importing this trait
    |
246 +     use core::ops::FnOnce;
    |

error[E0412]: cannot find type `Option` in this scope
   --> /home/tait/.cargo/registry/src/index.crates.io-6f17d22bba15001f/once_cell-1.19.0/src/lib.rs:413:27
    |
413 |         inner: UnsafeCell<Option<T>>,
    |                           ^^^^^^ not found in this scope
    |
help: consider importing this enum
    |
384 +     use core::option::Option;
    |

error[E0405]: cannot find trait `Default` in this scope
   --> /home/tait/.cargo/registry/src/index.crates.io-6f17d22bba15001f/once_cell-1.19.0/src/lib.rs:423:13
    |
423 |     impl<T> Default for OnceCell<T> {
    |             ^^^^^^^ not found in this scope
    |
help: consider importing this trait
    |
384 +     use core::default::Default;
    |

error[E0531]: cannot find tuple struct or tuple variant `Some` in this scope
   --> /home/tait/.cargo/registry/src/index.crates.io-6f17d22bba15001f/once_cell-1.19.0/src/lib.rs:432:17
    |
432 |                 Some(v) => f.debug_tuple("OnceCell").field(v).finish(),
    |                 ^^^^ not found in this scope
    |
help: consider importing this tuple variant
    |
384 +     use core::option::Option::Some;
    |

error[E0405]: cannot find trait `Clone` in this scope
   --> /home/tait/.cargo/registry/src/index.crates.io-6f17d22bba15001f/once_cell-1.19.0/src/lib.rs:438:20
    |
438 |     impl<T: Clone> Clone for OnceCell<T> {
    |                    ^^^^^ not found in this scope
    |
help: consider importing this trait
    |
384 +     use core::clone::Clone;
    |

error[E0405]: cannot find trait `Clone` in this scope
   --> /home/tait/.cargo/registry/src/index.crates.io-6f17d22bba15001f/once_cell-1.19.0/src/lib.rs:438:13
    |
438 |     impl<T: Clone> Clone for OnceCell<T> {
    |             ^^^^^ not found in this scope
    |
help: consider importing this trait
    |
384 +     use core::clone::Clone;
    |

error[E0531]: cannot find tuple struct or tuple variant `Some` in this scope
   --> /home/tait/.cargo/registry/src/index.crates.io-6f17d22bba15001f/once_cell-1.19.0/src/lib.rs:441:17
    |
441 |                 Some(value) => OnceCell::with_value(value.clone()),
    |                 ^^^^ not found in this scope
    |
help: consider importing this tuple variant
    |
384 +     use core::option::Option::Some;
    |

error[E0531]: cannot find tuple struct or tuple variant `Some` in this scope
   --> /home/tait/.cargo/registry/src/index.crates.io-6f17d22bba15001f/once_cell-1.19.0/src/lib.rs:448:18
    |
448 |                 (Some(this), Some(source)) => this.clone_from(source),
    |                  ^^^^ not found in this scope
    |
help: consider importing this tuple variant
    |
384 +     use core::option::Option::Some;
    |

error[E0531]: cannot find tuple struct or tuple variant `Some` in this scope
   --> /home/tait/.cargo/registry/src/index.crates.io-6f17d22bba15001f/once_cell-1.19.0/src/lib.rs:448:30
    |
448 |                 (Some(this), Some(source)) => this.clone_from(source),
    |                              ^^^^ not found in this scope
    |
help: consider importing this tuple variant
    |
384 +     use core::option::Option::Some;
    |

error[E0405]: cannot find trait `PartialEq` in this scope
   --> /home/tait/.cargo/registry/src/index.crates.io-6f17d22bba15001f/once_cell-1.19.0/src/lib.rs:454:24
    |
454 |     impl<T: PartialEq> PartialEq for OnceCell<T> {
    |                        ^^^^^^^^^ not found in this scope
    |
help: consider importing this trait
    |
384 +     use core::cmp::PartialEq;
    |

error[E0405]: cannot find trait `PartialEq` in this scope
   --> /home/tait/.cargo/registry/src/index.crates.io-6f17d22bba15001f/once_cell-1.19.0/src/lib.rs:454:13
    |
454 |     impl<T: PartialEq> PartialEq for OnceCell<T> {
    |             ^^^^^^^^^ not found in this scope
    |
help: consider importing this trait
    |
384 +     use core::cmp::PartialEq;
    |

error[E0405]: cannot find trait `Eq` in this scope
   --> /home/tait/.cargo/registry/src/index.crates.io-6f17d22bba15001f/once_cell-1.19.0/src/lib.rs:460:17
    |
460 |     impl<T: Eq> Eq for OnceCell<T> {}
    |                 ^^ not found in this scope
    |
help: consider importing this trait
    |
384 +     use core::cmp::Eq;
    |

error[E0405]: cannot find trait `Eq` in this scope
   --> /home/tait/.cargo/registry/src/index.crates.io-6f17d22bba15001f/once_cell-1.19.0/src/lib.rs:460:13
    |
460 |     impl<T: Eq> Eq for OnceCell<T> {}
    |             ^^ not found in this scope
    |
help: consider importing this trait
    |
384 +     use core::cmp::Eq;
    |

error[E0405]: cannot find trait `From` in this scope
   --> /home/tait/.cargo/registry/src/index.crates.io-6f17d22bba15001f/once_cell-1.19.0/src/lib.rs:462:13
    |
462 |     impl<T> From<T> for OnceCell<T> {
    |             ^^^^ not found in this scope
    |
help: consider importing this trait
    |
384 +     use core::convert::From;
    |

error[E0425]: cannot find value `None` in this scope
   --> /home/tait/.cargo/registry/src/index.crates.io-6f17d22bba15001f/once_cell-1.19.0/src/lib.rs:471:47
    |
471 |             OnceCell { inner: UnsafeCell::new(None) }
    |                                               ^^^^ not found in this scope
    |
help: consider importing this unit variant
    |
384 +     use core::option::Option::None;
    |

error[E0425]: cannot find function, tuple struct or tuple variant `Some` in this scope
   --> /home/tait/.cargo/registry/src/index.crates.io-6f17d22bba15001f/once_cell-1.19.0/src/lib.rs:476:47
    |
476 |             OnceCell { inner: UnsafeCell::new(Some(value)) }
    |                                               ^^^^ not found in this scope
    |
help: consider importing this tuple variant
    |
384 +     use core::option::Option::Some;
    |

error[E0412]: cannot find type `Option` in this scope
   --> /home/tait/.cargo/registry/src/index.crates.io-6f17d22bba15001f/once_cell-1.19.0/src/lib.rs:483:30
    |
483 |         pub fn get(&self) -> Option<&T> {
    |                              ^^^^^^ not found in this scope
    |
help: consider importing this enum
    |
384 +     use core::option::Option;
    |

error[E0412]: cannot find type `Option` in this scope
   --> /home/tait/.cargo/registry/src/index.crates.io-6f17d22bba15001f/once_cell-1.19.0/src/lib.rs:508:38
    |
508 |         pub fn get_mut(&mut self) -> Option<&mut T> {
    |                                      ^^^^^^ not found in this scope
    |
help: consider importing this enum
    |
384 +     use core::option::Option;
    |

error[E0412]: cannot find type `Result` in this scope
   --> /home/tait/.cargo/registry/src/index.crates.io-6f17d22bba15001f/once_cell-1.19.0/src/lib.rs:530:40
    |
530 |         pub fn set(&self, value: T) -> Result<(), T> {
    |                                        ^^^^^^ not found in this scope
    |
help: consider importing one of these items
    |
384 +     use crate::unsync::fmt::Result;
    |
384 +     use core::fmt::Result;
    |
384 +     use core::result::Result;
    |
384 +     use alloc::fmt::Result;
    |

error[E0531]: cannot find tuple struct or tuple variant `Ok` in this scope
   --> /home/tait/.cargo/registry/src/index.crates.io-6f17d22bba15001f/once_cell-1.19.0/src/lib.rs:532:17
    |
532 |                 Ok(_) => Ok(()),
    |                 ^^ not found in this scope
    |
help: consider importing this tuple variant
    |
384 +     use core::result::Result::Ok;
    |

error[E0425]: cannot find function, tuple struct or tuple variant `Ok` in this scope
   --> /home/tait/.cargo/registry/src/index.crates.io-6f17d22bba15001f/once_cell-1.19.0/src/lib.rs:532:26
    |
532 |                 Ok(_) => Ok(()),
    |                          ^^ not found in this scope
    |
help: consider importing this tuple variant
    |
384 +     use core::result::Result::Ok;
    |

error[E0531]: cannot find tuple struct or tuple variant `Err` in this scope
   --> /home/tait/.cargo/registry/src/index.crates.io-6f17d22bba15001f/once_cell-1.19.0/src/lib.rs:533:17
    |
533 |                 Err((_, value)) => Err(value),
    |                 ^^^ not found in this scope
    |
help: consider importing this tuple variant
    |
384 +     use core::result::Result::Err;
    |

error[E0425]: cannot find function, tuple struct or tuple variant `Err` in this scope
   --> /home/tait/.cargo/registry/src/index.crates.io-6f17d22bba15001f/once_cell-1.19.0/src/lib.rs:533:36
    |
533 |                 Err((_, value)) => Err(value),
    |                                    ^^^ not found in this scope
    |
help: consider importing this tuple variant
    |
384 +     use core::result::Result::Err;
    |

error[E0412]: cannot find type `Result` in this scope
   --> /home/tait/.cargo/registry/src/index.crates.io-6f17d22bba15001f/once_cell-1.19.0/src/lib.rs:551:47
    |
551 |         pub fn try_insert(&self, value: T) -> Result<&T, (&T, T)> {
    |                                               ^^^^^^ not found in this scope
    |
help: consider importing one of these items
    |
384 +     use crate::unsync::fmt::Result;
    |
384 +     use core::fmt::Result;
    |
384 +     use core::result::Result;
    |
384 +     use alloc::fmt::Result;
    |

error[E0531]: cannot find tuple struct or tuple variant `Some` in this scope
   --> /home/tait/.cargo/registry/src/index.crates.io-6f17d22bba15001f/once_cell-1.19.0/src/lib.rs:552:20
    |
552 |             if let Some(old) = self.get() {
    |                    ^^^^ not found in this scope
    |
help: consider importing this tuple variant
    |
384 +     use core::option::Option::Some;
    |

error[E0425]: cannot find function, tuple struct or tuple variant `Err` in this scope
   --> /home/tait/.cargo/registry/src/index.crates.io-6f17d22bba15001f/once_cell-1.19.0/src/lib.rs:553:24
    |
553 |                 return Err((old, value));
    |                        ^^^ not found in this scope
    |
help: consider importing this tuple variant
    |
384 +     use core::result::Result::Err;
    |

error[E0425]: cannot find function, tuple struct or tuple variant `Some` in this scope
   --> /home/tait/.cargo/registry/src/index.crates.io-6f17d22bba15001f/once_cell-1.19.0/src/lib.rs:561:21
    |
561 |             *slot = Some(value);
    |                     ^^^^ not found in this scope
    |
help: consider importing this tuple variant
    |
384 +     use core::option::Option::Some;
    |

error[E0425]: cannot find function, tuple struct or tuple variant `Ok` in this scope
   --> /home/tait/.cargo/registry/src/index.crates.io-6f17d22bba15001f/once_cell-1.19.0/src/lib.rs:562:13
    |
562 |             Ok(unsafe { slot.as_ref().unwrap_unchecked() })
    |             ^^ not found in this scope
    |
help: consider importing this tuple variant
    |
384 +     use core::result::Result::Ok;
    |

error[E0405]: cannot find trait `FnOnce` in this scope
   --> /home/tait/.cargo/registry/src/index.crates.io-6f17d22bba15001f/once_cell-1.19.0/src/lib.rs:588:16
    |
588 |             F: FnOnce() -> T,
    |                ^^^^^^ not found in this scope
    |
help: consider importing this trait
    |
384 +     use core::ops::FnOnce;
    |

error[E0425]: cannot find function, tuple struct or tuple variant `Ok` in this scope
   --> /home/tait/.cargo/registry/src/index.crates.io-6f17d22bba15001f/once_cell-1.19.0/src/lib.rs:591:43
    |
591 |             match self.get_or_try_init(|| Ok::<T, Void>(f())) {
    |                                           ^^ not found in this scope
    |
help: consider importing this tuple variant
    |
384 +     use core::result::Result::Ok;
    |

error[E0531]: cannot find tuple struct or tuple variant `Ok` in this scope
   --> /home/tait/.cargo/registry/src/index.crates.io-6f17d22bba15001f/once_cell-1.19.0/src/lib.rs:592:17
    |
592 |                 Ok(val) => val,
    |                 ^^ not found in this scope
    |
help: consider importing this tuple variant
    |
384 +     use core::result::Result::Ok;
    |

error[E0531]: cannot find tuple struct or tuple variant `Err` in this scope
   --> /home/tait/.cargo/registry/src/index.crates.io-6f17d22bba15001f/once_cell-1.19.0/src/lib.rs:593:17
    |
593 |                 Err(void) => match void {},
    |                 ^^^ not found in this scope
    |
help: consider importing this tuple variant
    |
384 +     use core::result::Result::Err;
    |

error[E0405]: cannot find trait `FnOnce` in this scope
   --> /home/tait/.cargo/registry/src/index.crates.io-6f17d22bba15001f/once_cell-1.19.0/src/lib.rs:624:16
    |
624 |             F: FnOnce() -> Result<T, E>,
    |                ^^^^^^ not found in this scope
    |
help: consider importing this trait
    |
384 +     use core::ops::FnOnce;
    |

error[E0412]: cannot find type `Result` in this scope
   --> /home/tait/.cargo/registry/src/index.crates.io-6f17d22bba15001f/once_cell-1.19.0/src/lib.rs:624:28
    |
624 |             F: FnOnce() -> Result<T, E>,
    |                            ^^^^^^ not found in this scope
    |
help: consider importing one of these items
    |
384 +     use crate::unsync::fmt::Result;
    |
384 +     use core::fmt::Result;
    |
384 +     use core::result::Result;
    |
384 +     use alloc::fmt::Result;
    |

error[E0412]: cannot find type `Result` in this scope
   --> /home/tait/.cargo/registry/src/index.crates.io-6f17d22bba15001f/once_cell-1.19.0/src/lib.rs:622:54
    |
622 |         pub fn get_or_try_init<F, E>(&self, f: F) -> Result<&T, E>
    |                                                      ^^^^^^ not found in this scope
    |
help: consider importing one of these items
    |
384 +     use crate::unsync::fmt::Result;
    |
384 +     use core::fmt::Result;
    |
384 +     use core::result::Result;
    |
384 +     use alloc::fmt::Result;
    |

error[E0531]: cannot find tuple struct or tuple variant `Some` in this scope
   --> /home/tait/.cargo/registry/src/index.crates.io-6f17d22bba15001f/once_cell-1.19.0/src/lib.rs:626:20
    |
626 |             if let Some(val) = self.get() {
    |                    ^^^^ not found in this scope
    |
help: consider importing this tuple variant
    |
384 +     use core::option::Option::Some;
    |

error[E0425]: cannot find function, tuple struct or tuple variant `Ok` in this scope
   --> /home/tait/.cargo/registry/src/index.crates.io-6f17d22bba15001f/once_cell-1.19.0/src/lib.rs:627:24
    |
627 |                 return Ok(val);
    |                        ^^ not found in this scope
    |
help: consider importing this tuple variant
    |
384 +     use core::result::Result::Ok;
    |

error[E0425]: cannot find function, tuple struct or tuple variant `Ok` in this scope
   --> /home/tait/.cargo/registry/src/index.crates.io-6f17d22bba15001f/once_cell-1.19.0/src/lib.rs:635:13
    |
635 |             Ok(unsafe { self.get().unwrap_unchecked() })
    |             ^^ not found in this scope
    |
help: consider importing this tuple variant
    |
384 +     use core::result::Result::Ok;
    |

error[E0412]: cannot find type `Option` in this scope
   --> /home/tait/.cargo/registry/src/index.crates.io-6f17d22bba15001f/once_cell-1.19.0/src/lib.rs:667:35
    |
667 |         pub fn take(&mut self) -> Option<T> {
    |                                   ^^^^^^ not found in this scope
    |
help: consider importing this enum
    |
384 +     use core::option::Option;
    |

error[E0412]: cannot find type `Option` in this scope
   --> /home/tait/.cargo/registry/src/index.crates.io-6f17d22bba15001f/once_cell-1.19.0/src/lib.rs:687:36
    |
687 |         pub fn into_inner(self) -> Option<T> {
    |                                    ^^^^^^ not found in this scope
    |
help: consider importing this enum
    |
384 +     use core::option::Option;
    |

error[E0412]: cannot find type `Option` in this scope
   --> /home/tait/.cargo/registry/src/index.crates.io-6f17d22bba15001f/once_cell-1.19.0/src/lib.rs:716:20
    |
716 |         init: Cell<Option<F>>,
    |                    ^^^^^^ not found in this scope
    |
help: consider importing this enum
    |
384 +     use core::option::Option;
    |

error[E0425]: cannot find function, tuple struct or tuple variant `Some` in this scope
   --> /home/tait/.cargo/registry/src/index.crates.io-6f17d22bba15001f/once_cell-1.19.0/src/lib.rs:743:59
    |
743 |             Lazy { cell: OnceCell::new(), init: Cell::new(Some(init)) }
    |                                                           ^^^^ not found in this scope
    |
help: consider importing this tuple variant
    |
384 +     use core::option::Option::Some;
    |

error[E0412]: cannot find type `Result` in this scope
   --> /home/tait/.cargo/registry/src/index.crates.io-6f17d22bba15001f/once_cell-1.19.0/src/lib.rs:749:48
    |
749 |         pub fn into_value(this: Lazy<T, F>) -> Result<T, F> {
    |                                                ^^^^^^ not found in this scope
    |
help: consider importing one of these items
    |
384 +     use crate::unsync::fmt::Result;
    |
384 +     use core::fmt::Result;
    |
384 +     use core::result::Result;
    |
384 +     use alloc::fmt::Result;
    |

error[E0405]: cannot find trait `FnOnce` in this scope
   --> /home/tait/.cargo/registry/src/index.crates.io-6f17d22bba15001f/once_cell-1.19.0/src/lib.rs:758:16
    |
758 |     impl<T, F: FnOnce() -> T> Lazy<T, F> {
    |                ^^^^^^ not found in this scope
    |
help: consider importing this trait
    |
384 +     use core::ops::FnOnce;
    |

error[E0531]: cannot find tuple struct or tuple variant `Some` in this scope
   --> /home/tait/.cargo/registry/src/index.crates.io-6f17d22bba15001f/once_cell-1.19.0/src/lib.rs:775:17
    |
775 |                 Some(f) => f(),
    |                 ^^^^ not found in this scope
    |
help: consider importing this tuple variant
    |
384 +     use core::option::Option::Some;
    |

error[E0531]: cannot find tuple struct or tuple variant `Some` in this scope
   --> /home/tait/.cargo/registry/src/index.crates.io-6f17d22bba15001f/once_cell-1.19.0/src/lib.rs:797:21
    |
797 |                     Some(f) => f(),
    |                     ^^^^ not found in this scope
    |
help: consider importing this tuple variant
    |
384 +     use core::option::Option::Some;
    |

error[E0412]: cannot find type `Option` in this scope
   --> /home/tait/.cargo/registry/src/index.crates.io-6f17d22bba15001f/once_cell-1.19.0/src/lib.rs:818:42
    |
818 |         pub fn get(this: &Lazy<T, F>) -> Option<&T> {
    |                                          ^^^^^^ not found in this scope
    |
help: consider importing this enum
    |
384 +     use core::option::Option;
    |

error[E0412]: cannot find type `Option` in this scope
   --> /home/tait/.cargo/registry/src/index.crates.io-6f17d22bba15001f/once_cell-1.19.0/src/lib.rs:835:50
    |
835 |         pub fn get_mut(this: &mut Lazy<T, F>) -> Option<&mut T> {
    |                                                  ^^^^^^ not found in this scope
    |
help: consider importing this enum
    |
384 +     use core::option::Option;
    |

error[E0405]: cannot find trait `FnOnce` in this scope
   --> /home/tait/.cargo/registry/src/index.crates.io-6f17d22bba15001f/once_cell-1.19.0/src/lib.rs:840:16
    |
840 |     impl<T, F: FnOnce() -> T> Deref for Lazy<T, F> {
    |                ^^^^^^ not found in this scope
    |
help: consider importing this trait
    |
384 +     use core::ops::FnOnce;
    |

error[E0405]: cannot find trait `FnOnce` in this scope
   --> /home/tait/.cargo/registry/src/index.crates.io-6f17d22bba15001f/once_cell-1.19.0/src/lib.rs:847:16
    |
847 |     impl<T, F: FnOnce() -> T> DerefMut for Lazy<T, F> {
    |                ^^^^^^ not found in this scope
    |
help: consider importing this trait
    |
384 +     use core::ops::FnOnce;
    |

error[E0405]: cannot find trait `Default` in this scope
   --> /home/tait/.cargo/registry/src/index.crates.io-6f17d22bba15001f/once_cell-1.19.0/src/lib.rs:853:22
    |
853 |     impl<T: Default> Default for Lazy<T> {
    |                      ^^^^^^^ not found in this scope
    |
help: consider importing this trait
    |
384 +     use core::default::Default;
    |

error[E0405]: cannot find trait `Default` in this scope
   --> /home/tait/.cargo/registry/src/index.crates.io-6f17d22bba15001f/once_cell-1.19.0/src/lib.rs:853:13
    |
853 |     impl<T: Default> Default for Lazy<T> {
    |             ^^^^^^^ not found in this scope
    |
help: consider importing this trait
    |
384 +     use core::default::Default;
    |

error[E0405]: cannot find trait `Default` in this scope
   --> /home/tait/.cargo/registry/src/index.crates.io-6f17d22bba15001f/once_cell-1.19.0/src/lib.rs:903:13
    |
903 |     impl<T> Default for OnceCell<T> {
    |             ^^^^^^^ not found in this scope
    |
help: consider importing this trait
    |
864 +     use core::default::Default;
    |

error[E0531]: cannot find tuple struct or tuple variant `Some` in this scope
   --> /home/tait/.cargo/registry/src/index.crates.io-6f17d22bba15001f/once_cell-1.19.0/src/lib.rs:912:17
    |
912 |                 Some(v) => f.debug_tuple("OnceCell").field(v).finish(),
    |                 ^^^^ not found in this scope
    |
help: consider importing this tuple variant
    |
864 +     use core::option::Option::Some;
    |

error[E0405]: cannot find trait `Clone` in this scope
   --> /home/tait/.cargo/registry/src/index.crates.io-6f17d22bba15001f/once_cell-1.19.0/src/lib.rs:918:20
    |
918 |     impl<T: Clone> Clone for OnceCell<T> {
    |                    ^^^^^ not found in this scope
    |
help: consider importing this trait
    |
864 +     use core::clone::Clone;
    |

error[E0405]: cannot find trait `Clone` in this scope
   --> /home/tait/.cargo/registry/src/index.crates.io-6f17d22bba15001f/once_cell-1.19.0/src/lib.rs:918:13
    |
918 |     impl<T: Clone> Clone for OnceCell<T> {
    |             ^^^^^ not found in this scope
    |
help: consider importing this trait
    |
864 +     use core::clone::Clone;
    |

error[E0531]: cannot find tuple struct or tuple variant `Some` in this scope
   --> /home/tait/.cargo/registry/src/index.crates.io-6f17d22bba15001f/once_cell-1.19.0/src/lib.rs:921:17
    |
921 |                 Some(value) => Self::with_value(value.clone()),
    |                 ^^^^ not found in this scope
    |
help: consider importing this tuple variant
    |
864 +     use core::option::Option::Some;
    |

error[E0531]: cannot find tuple struct or tuple variant `Some` in this scope
   --> /home/tait/.cargo/registry/src/index.crates.io-6f17d22bba15001f/once_cell-1.19.0/src/lib.rs:928:18
    |
928 |                 (Some(this), Some(source)) => this.clone_from(source),
    |                  ^^^^ not found in this scope
    |
help: consider importing this tuple variant
    |
864 +     use core::option::Option::Some;
    |

error[E0531]: cannot find tuple struct or tuple variant `Some` in this scope
   --> /home/tait/.cargo/registry/src/index.crates.io-6f17d22bba15001f/once_cell-1.19.0/src/lib.rs:928:30
    |
928 |                 (Some(this), Some(source)) => this.clone_from(source),
    |                              ^^^^ not found in this scope
    |
help: consider importing this tuple variant
    |
864 +     use core::option::Option::Some;
    |

error[E0405]: cannot find trait `From` in this scope
   --> /home/tait/.cargo/registry/src/index.crates.io-6f17d22bba15001f/once_cell-1.19.0/src/lib.rs:934:13
    |
934 |     impl<T> From<T> for OnceCell<T> {
    |             ^^^^ not found in this scope
    |
help: consider importing this trait
    |
864 +     use core::convert::From;
    |

error[E0405]: cannot find trait `PartialEq` in this scope
   --> /home/tait/.cargo/registry/src/index.crates.io-6f17d22bba15001f/once_cell-1.19.0/src/lib.rs:940:24
    |
940 |     impl<T: PartialEq> PartialEq for OnceCell<T> {
    |                        ^^^^^^^^^ not found in this scope
    |
help: consider importing this trait
    |
864 +     use core::cmp::PartialEq;
    |

error[E0405]: cannot find trait `PartialEq` in this scope
   --> /home/tait/.cargo/registry/src/index.crates.io-6f17d22bba15001f/once_cell-1.19.0/src/lib.rs:940:13
    |
940 |     impl<T: PartialEq> PartialEq for OnceCell<T> {
    |             ^^^^^^^^^ not found in this scope
    |
help: consider importing this trait
    |
864 +     use core::cmp::PartialEq;
    |

error[E0405]: cannot find trait `Eq` in this scope
   --> /home/tait/.cargo/registry/src/index.crates.io-6f17d22bba15001f/once_cell-1.19.0/src/lib.rs:946:17
    |
946 |     impl<T: Eq> Eq for OnceCell<T> {}
    |                 ^^ not found in this scope
    |
help: consider importing this trait
    |
864 +     use core::cmp::Eq;
    |

error[E0405]: cannot find trait `Eq` in this scope
   --> /home/tait/.cargo/registry/src/index.crates.io-6f17d22bba15001f/once_cell-1.19.0/src/lib.rs:946:13
    |
946 |     impl<T: Eq> Eq for OnceCell<T> {}
    |             ^^ not found in this scope
    |
help: consider importing this trait
    |
864 +     use core::cmp::Eq;
    |

error[E0412]: cannot find type `Option` in this scope
   --> /home/tait/.cargo/registry/src/index.crates.io-6f17d22bba15001f/once_cell-1.19.0/src/lib.rs:963:30
    |
963 |         pub fn get(&self) -> Option<&T> {
    |                              ^^^^^^ not found in this scope
    |
help: consider importing this enum
    |
864 +     use core::option::Option;
    |

error[E0425]: cannot find function, tuple struct or tuple variant `Some` in this scope
   --> /home/tait/.cargo/registry/src/index.crates.io-6f17d22bba15001f/once_cell-1.19.0/src/lib.rs:966:17
    |
966 |                 Some(unsafe { self.get_unchecked() })
    |                 ^^^^ not found in this scope
    |
help: consider importing this tuple variant
    |
864 +     use core::option::Option::Some;
    |

error[E0425]: cannot find value `None` in this scope
   --> /home/tait/.cargo/registry/src/index.crates.io-6f17d22bba15001f/once_cell-1.19.0/src/lib.rs:968:17
    |
968 |                 None
    |                 ^^^^ not found in this scope
    |
help: consider importing this unit variant
    |
864 +     use core::option::Option::None;
    |

error[E0412]: cannot find type `Option` in this scope
    --> /home/tait/.cargo/registry/src/index.crates.io-6f17d22bba15001f/once_cell-1.19.0/src/lib.rs:1019:38
     |
1019 |         pub fn get_mut(&mut self) -> Option<&mut T> {
     |                                      ^^^^^^ not found in this scope
     |
help: consider importing this enum
     |
864  +     use core::option::Option;
     |

error[E0412]: cannot find type `Result` in this scope
    --> /home/tait/.cargo/registry/src/index.crates.io-6f17d22bba15001f/once_cell-1.19.0/src/lib.rs:1058:40
     |
1058 |         pub fn set(&self, value: T) -> Result<(), T> {
     |                                        ^^^^^^ not found in this scope
     |
help: consider importing one of these items
     |
864  +     use crate::sync::fmt::Result;
     |
864  +     use core::fmt::Result;
     |
864  +     use core::result::Result;
     |
864  +     use alloc::fmt::Result;
     |

error[E0531]: cannot find tuple struct or tuple variant `Ok` in this scope
    --> /home/tait/.cargo/registry/src/index.crates.io-6f17d22bba15001f/once_cell-1.19.0/src/lib.rs:1060:17
     |
1060 |                 Ok(_) => Ok(()),
     |                 ^^ not found in this scope
     |
help: consider importing this tuple variant
     |
864  +     use core::result::Result::Ok;
     |

error[E0425]: cannot find function, tuple struct or tuple variant `Ok` in this scope
    --> /home/tait/.cargo/registry/src/index.crates.io-6f17d22bba15001f/once_cell-1.19.0/src/lib.rs:1060:26
     |
1060 |                 Ok(_) => Ok(()),
     |                          ^^ not found in this scope
     |
help: consider importing this tuple variant
     |
864  +     use core::result::Result::Ok;
     |

error[E0531]: cannot find tuple struct or tuple variant `Err` in this scope
    --> /home/tait/.cargo/registry/src/index.crates.io-6f17d22bba15001f/once_cell-1.19.0/src/lib.rs:1061:17
     |
1061 |                 Err((_, value)) => Err(value),
     |                 ^^^ not found in this scope
     |
help: consider importing this tuple variant
     |
864  +     use core::result::Result::Err;
     |

error[E0425]: cannot find function, tuple struct or tuple variant `Err` in this scope
    --> /home/tait/.cargo/registry/src/index.crates.io-6f17d22bba15001f/once_cell-1.19.0/src/lib.rs:1061:36
     |
1061 |                 Err((_, value)) => Err(value),
     |                                    ^^^ not found in this scope
     |
help: consider importing this tuple variant
     |
864  +     use core::result::Result::Err;
     |

error[E0412]: cannot find type `Result` in this scope
    --> /home/tait/.cargo/registry/src/index.crates.io-6f17d22bba15001f/once_cell-1.19.0/src/lib.rs:1080:47
     |
1080 |         pub fn try_insert(&self, value: T) -> Result<&T, (&T, T)> {
     |                                               ^^^^^^ not found in this scope
     |
help: consider importing one of these items
     |
864  +     use crate::sync::fmt::Result;
     |
864  +     use core::fmt::Result;
     |
864  +     use core::result::Result;
     |
864  +     use alloc::fmt::Result;
     |

error[E0425]: cannot find function, tuple struct or tuple variant `Some` in this scope
    --> /home/tait/.cargo/registry/src/index.crates.io-6f17d22bba15001f/once_cell-1.19.0/src/lib.rs:1081:29
     |
1081 |             let mut value = Some(value);
     |                             ^^^^ not found in this scope
     |
help: consider importing this tuple variant
     |
864  +     use core::option::Option::Some;
     |

error[E0425]: cannot find function, tuple struct or tuple variant `Ok` in this scope
    --> /home/tait/.cargo/registry/src/index.crates.io-6f17d22bba15001f/once_cell-1.19.0/src/lib.rs:1084:25
     |
1084 |                 None => Ok(res),
     |                         ^^ not found in this scope
     |
help: consider importing this tuple variant
     |
864  +     use core::result::Result::Ok;
     |

error[E0531]: cannot find tuple struct or tuple variant `Some` in this scope
    --> /home/tait/.cargo/registry/src/index.crates.io-6f17d22bba15001f/once_cell-1.19.0/src/lib.rs:1085:17
     |
1085 |                 Some(value) => Err((res, value)),
     |                 ^^^^ not found in this scope
     |
help: consider importing this tuple variant
     |
864  +     use core::option::Option::Some;
     |

error[E0425]: cannot find function, tuple struct or tuple variant `Err` in this scope
    --> /home/tait/.cargo/registry/src/index.crates.io-6f17d22bba15001f/once_cell-1.19.0/src/lib.rs:1085:32
     |
1085 |                 Some(value) => Err((res, value)),
     |                                ^^^ not found in this scope
     |
help: consider importing this tuple variant
     |
864  +     use core::result::Result::Err;
     |

error[E0405]: cannot find trait `FnOnce` in this scope
    --> /home/tait/.cargo/registry/src/index.crates.io-6f17d22bba15001f/once_cell-1.19.0/src/lib.rs:1117:16
     |
1117 |             F: FnOnce() -> T,
     |                ^^^^^^ not found in this scope
     |
help: consider importing this trait
     |
864  +     use core::ops::FnOnce;
     |

error[E0425]: cannot find function, tuple struct or tuple variant `Ok` in this scope
    --> /home/tait/.cargo/registry/src/index.crates.io-6f17d22bba15001f/once_cell-1.19.0/src/lib.rs:1120:43
     |
1120 |             match self.get_or_try_init(|| Ok::<T, Void>(f())) {
     |                                           ^^ not found in this scope
     |
help: consider importing this tuple variant
     |
864  +     use core::result::Result::Ok;
     |

error[E0531]: cannot find tuple struct or tuple variant `Ok` in this scope
    --> /home/tait/.cargo/registry/src/index.crates.io-6f17d22bba15001f/once_cell-1.19.0/src/lib.rs:1121:17
     |
1121 |                 Ok(val) => val,
     |                 ^^ not found in this scope
     |
help: consider importing this tuple variant
     |
864  +     use core::result::Result::Ok;
     |

error[E0531]: cannot find tuple struct or tuple variant `Err` in this scope
    --> /home/tait/.cargo/registry/src/index.crates.io-6f17d22bba15001f/once_cell-1.19.0/src/lib.rs:1122:17
     |
1122 |                 Err(void) => match void {},
     |                 ^^^ not found in this scope
     |
help: consider importing this tuple variant
     |
864  +     use core::result::Result::Err;
     |

error[E0405]: cannot find trait `FnOnce` in this scope
    --> /home/tait/.cargo/registry/src/index.crates.io-6f17d22bba15001f/once_cell-1.19.0/src/lib.rs:1154:16
     |
1154 |             F: FnOnce() -> Result<T, E>,
     |                ^^^^^^ not found in this scope
     |
help: consider importing this trait
     |
864  +     use core::ops::FnOnce;
     |

error[E0412]: cannot find type `Result` in this scope
    --> /home/tait/.cargo/registry/src/index.crates.io-6f17d22bba15001f/once_cell-1.19.0/src/lib.rs:1154:28
     |
1154 |             F: FnOnce() -> Result<T, E>,
     |                            ^^^^^^ not found in this scope
     |
help: consider importing one of these items
     |
864  +     use crate::sync::fmt::Result;
     |
864  +     use core::fmt::Result;
     |
864  +     use core::result::Result;
     |
864  +     use alloc::fmt::Result;
     |

error[E0412]: cannot find type `Result` in this scope
    --> /home/tait/.cargo/registry/src/index.crates.io-6f17d22bba15001f/once_cell-1.19.0/src/lib.rs:1152:54
     |
1152 |         pub fn get_or_try_init<F, E>(&self, f: F) -> Result<&T, E>
     |                                                      ^^^^^^ not found in this scope
     |
help: consider importing one of these items
     |
864  +     use crate::sync::fmt::Result;
     |
864  +     use core::fmt::Result;
     |
864  +     use core::result::Result;
     |
864  +     use alloc::fmt::Result;
     |

error[E0531]: cannot find tuple struct or tuple variant `Some` in this scope
    --> /home/tait/.cargo/registry/src/index.crates.io-6f17d22bba15001f/once_cell-1.19.0/src/lib.rs:1157:20
     |
1157 |             if let Some(value) = self.get() {
     |                    ^^^^ not found in this scope
     |
help: consider importing this tuple variant
     |
864  +     use core::option::Option::Some;
     |

error[E0425]: cannot find function, tuple struct or tuple variant `Ok` in this scope
    --> /home/tait/.cargo/registry/src/index.crates.io-6f17d22bba15001f/once_cell-1.19.0/src/lib.rs:1158:24
     |
1158 |                 return Ok(value);
     |                        ^^ not found in this scope
     |
help: consider importing this tuple variant
     |
864  +     use core::result::Result::Ok;
     |

error[E0425]: cannot find function, tuple struct or tuple variant `Ok` in this scope
    --> /home/tait/.cargo/registry/src/index.crates.io-6f17d22bba15001f/once_cell-1.19.0/src/lib.rs:1165:13
     |
1165 |             Ok(unsafe { self.get_unchecked() })
     |             ^^ not found in this scope
     |
help: consider importing this tuple variant
     |
864  +     use core::result::Result::Ok;
     |

error[E0412]: cannot find type `Option` in this scope
    --> /home/tait/.cargo/registry/src/index.crates.io-6f17d22bba15001f/once_cell-1.19.0/src/lib.rs:1197:35
     |
1197 |         pub fn take(&mut self) -> Option<T> {
     |                                   ^^^^^^ not found in this scope
     |
help: consider importing this enum
     |
864  +     use core::option::Option;
     |

error[E0412]: cannot find type `Option` in this scope
    --> /home/tait/.cargo/registry/src/index.crates.io-6f17d22bba15001f/once_cell-1.19.0/src/lib.rs:1217:36
     |
1217 |         pub fn into_inner(self) -> Option<T> {
     |                                    ^^^^^^ not found in this scope
     |
help: consider importing this enum
     |
864  +     use core::option::Option;
     |

error[E0412]: cannot find type `Option` in this scope
    --> /home/tait/.cargo/registry/src/index.crates.io-6f17d22bba15001f/once_cell-1.19.0/src/lib.rs:1257:20
     |
1257 |         init: Cell<Option<F>>,
     |                    ^^^^^^ not found in this scope
     |
help: consider importing this enum
     |
864  +     use core::option::Option;
     |

error[E0405]: cannot find trait `Sync` in this scope
    --> /home/tait/.cargo/registry/src/index.crates.io-6f17d22bba15001f/once_cell-1.19.0/src/lib.rs:1270:29
     |
1270 |     unsafe impl<T, F: Send> Sync for Lazy<T, F> where OnceCell<T>: Sync {}
     |                             ^^^^ not found in this scope
     |
help: consider importing this trait
     |
864  +     use core::marker::Sync;
     |

error[E0405]: cannot find trait `Send` in this scope
    --> /home/tait/.cargo/registry/src/index.crates.io-6f17d22bba15001f/once_cell-1.19.0/src/lib.rs:1270:23
     |
1270 |     unsafe impl<T, F: Send> Sync for Lazy<T, F> where OnceCell<T>: Sync {}
     |                       ^^^^ not found in this scope
     |
help: consider importing this trait
     |
864  +     use core::marker::Send;
     |

error[E0405]: cannot find trait `Sync` in this scope
    --> /home/tait/.cargo/registry/src/index.crates.io-6f17d22bba15001f/once_cell-1.19.0/src/lib.rs:1270:68
     |
1270 |     unsafe impl<T, F: Send> Sync for Lazy<T, F> where OnceCell<T>: Sync {}
     |                                                                    ^^^^ not found in this scope
     |
help: consider importing this trait
     |
864  +     use core::marker::Sync;
     |

error[E0425]: cannot find function, tuple struct or tuple variant `Some` in this scope
    --> /home/tait/.cargo/registry/src/index.crates.io-6f17d22bba15001f/once_cell-1.19.0/src/lib.rs:1279:59
     |
1279 |             Lazy { cell: OnceCell::new(), init: Cell::new(Some(f)) }
     |                                                           ^^^^ not found in this scope
     |
help: consider importing this tuple variant
     |
864  +     use core::option::Option::Some;
     |

error[E0412]: cannot find type `Result` in this scope
    --> /home/tait/.cargo/registry/src/index.crates.io-6f17d22bba15001f/once_cell-1.19.0/src/lib.rs:1285:48
     |
1285 |         pub fn into_value(this: Lazy<T, F>) -> Result<T, F> {
     |                                                ^^^^^^ not found in this scope
     |
help: consider importing one of these items
     |
864  +     use crate::sync::fmt::Result;
     |
864  +     use core::fmt::Result;
     |
864  +     use core::result::Result;
     |
864  +     use alloc::fmt::Result;
     |

error[E0405]: cannot find trait `FnOnce` in this scope
    --> /home/tait/.cargo/registry/src/index.crates.io-6f17d22bba15001f/once_cell-1.19.0/src/lib.rs:1294:16
     |
1294 |     impl<T, F: FnOnce() -> T> Lazy<T, F> {
     |                ^^^^^^ not found in this scope
     |
help: consider importing this trait
     |
864  +     use core::ops::FnOnce;
     |

error[E0531]: cannot find tuple struct or tuple variant `Some` in this scope
    --> /home/tait/.cargo/registry/src/index.crates.io-6f17d22bba15001f/once_cell-1.19.0/src/lib.rs:1310:17
     |
1310 |                 Some(f) => f(),
     |                 ^^^^ not found in this scope
     |
help: consider importing this tuple variant
     |
864  +     use core::option::Option::Some;
     |

error[E0531]: cannot find tuple struct or tuple variant `Some` in this scope
    --> /home/tait/.cargo/registry/src/index.crates.io-6f17d22bba15001f/once_cell-1.19.0/src/lib.rs:1330:21
     |
1330 |                     Some(f) => f(),
     |                     ^^^^ not found in this scope
     |
help: consider importing this tuple variant
     |
864  +     use core::option::Option::Some;
     |

error[E0412]: cannot find type `Option` in this scope
    --> /home/tait/.cargo/registry/src/index.crates.io-6f17d22bba15001f/once_cell-1.19.0/src/lib.rs:1351:42
     |
1351 |         pub fn get(this: &Lazy<T, F>) -> Option<&T> {
     |                                          ^^^^^^ not found in this scope
     |
help: consider importing this enum
     |
864  +     use core::option::Option;
     |

error[E0412]: cannot find type `Option` in this scope
    --> /home/tait/.cargo/registry/src/index.crates.io-6f17d22bba15001f/once_cell-1.19.0/src/lib.rs:1368:50
     |
1368 |         pub fn get_mut(this: &mut Lazy<T, F>) -> Option<&mut T> {
     |                                                  ^^^^^^ not found in this scope
     |
help: consider importing this enum
     |
864  +     use core::option::Option;
     |

error[E0405]: cannot find trait `FnOnce` in this scope
    --> /home/tait/.cargo/registry/src/index.crates.io-6f17d22bba15001f/once_cell-1.19.0/src/lib.rs:1373:16
     |
1373 |     impl<T, F: FnOnce() -> T> Deref for Lazy<T, F> {
     |                ^^^^^^ not found in this scope
     |
help: consider importing this trait
     |
864  +     use core::ops::FnOnce;
     |

error[E0405]: cannot find trait `FnOnce` in this scope
    --> /home/tait/.cargo/registry/src/index.crates.io-6f17d22bba15001f/once_cell-1.19.0/src/lib.rs:1380:16
     |
1380 |     impl<T, F: FnOnce() -> T> DerefMut for Lazy<T, F> {
     |                ^^^^^^ not found in this scope
     |
help: consider importing this trait
     |
864  +     use core::ops::FnOnce;
     |

error[E0405]: cannot find trait `Default` in this scope
    --> /home/tait/.cargo/registry/src/index.crates.io-6f17d22bba15001f/once_cell-1.19.0/src/lib.rs:1386:22
     |
1386 |     impl<T: Default> Default for Lazy<T> {
     |                      ^^^^^^^ not found in this scope
     |
help: consider importing this trait
     |
864  +     use core::default::Default;
     |

error[E0405]: cannot find trait `Default` in this scope
    --> /home/tait/.cargo/registry/src/index.crates.io-6f17d22bba15001f/once_cell-1.19.0/src/lib.rs:1386:13
     |
1386 |     impl<T: Default> Default for Lazy<T> {
     |             ^^^^^^^ not found in this scope
     |
help: consider importing this trait
     |
864  +     use core::default::Default;
     |

error[E0412]: cannot find type `Option` in this scope
  --> /home/tait/.cargo/registry/src/index.crates.io-6f17d22bba15001f/once_cell-1.19.0/src/race.rs:48:26
   |
48 |     pub fn get(&self) -> Option<NonZeroUsize> {
   |                          ^^^^^^ not found in this scope
   |
help: consider importing this enum
   |
24 + use core::option::Option;
   |

error[E0412]: cannot find type `Result` in this scope
  --> /home/tait/.cargo/registry/src/index.crates.io-6f17d22bba15001f/once_cell-1.19.0/src/race.rs:58:47
   |
58 |     pub fn set(&self, value: NonZeroUsize) -> Result<(), ()> {
   |                                               ^^^^^^ not found in this scope
   |
help: consider importing one of these items
   |
24 + use core::fmt::Result;
   |
24 + use core::result::Result;
   |
24 + use alloc::fmt::Result;
   |

error[E0531]: cannot find tuple struct or tuple variant `Ok` in this scope
  --> /home/tait/.cargo/registry/src/index.crates.io-6f17d22bba15001f/once_cell-1.19.0/src/race.rs:62:13
   |
62 |             Ok(_) => Ok(()),
   |             ^^ not found in this scope
   |
help: consider importing this tuple variant
   |
24 + use core::result::Result::Ok;
   |

error[E0425]: cannot find function, tuple struct or tuple variant `Ok` in this scope
  --> /home/tait/.cargo/registry/src/index.crates.io-6f17d22bba15001f/once_cell-1.19.0/src/race.rs:62:22
   |
62 |             Ok(_) => Ok(()),
   |                      ^^ not found in this scope
   |
help: consider importing this tuple variant
   |
24 + use core::result::Result::Ok;
   |

error[E0531]: cannot find tuple struct or tuple variant `Err` in this scope
  --> /home/tait/.cargo/registry/src/index.crates.io-6f17d22bba15001f/once_cell-1.19.0/src/race.rs:63:13
   |
63 |             Err(_) => Err(()),
   |             ^^^ not found in this scope
   |
help: consider importing this tuple variant
   |
24 + use core::result::Result::Err;
   |

error[E0425]: cannot find function, tuple struct or tuple variant `Err` in this scope
  --> /home/tait/.cargo/registry/src/index.crates.io-6f17d22bba15001f/once_cell-1.19.0/src/race.rs:63:23
   |
63 |             Err(_) => Err(()),
   |                       ^^^ not found in this scope
   |
help: consider importing this tuple variant
   |
24 + use core::result::Result::Err;
   |

error[E0405]: cannot find trait `FnOnce` in this scope
  --> /home/tait/.cargo/registry/src/index.crates.io-6f17d22bba15001f/once_cell-1.19.0/src/race.rs:75:12
   |
75 |         F: FnOnce() -> NonZeroUsize,
   |            ^^^^^^ not found in this scope
   |
help: consider importing this trait
   |
24 + use core::ops::FnOnce;
   |

error[E0425]: cannot find function, tuple struct or tuple variant `Ok` in this scope
  --> /home/tait/.cargo/registry/src/index.crates.io-6f17d22bba15001f/once_cell-1.19.0/src/race.rs:78:39
   |
78 |         match self.get_or_try_init(|| Ok::<NonZeroUsize, Void>(f())) {
   |                                       ^^ not found in this scope
   |
help: consider importing this tuple variant
   |
24 + use core::result::Result::Ok;
   |

error[E0531]: cannot find tuple struct or tuple variant `Ok` in this scope
  --> /home/tait/.cargo/registry/src/index.crates.io-6f17d22bba15001f/once_cell-1.19.0/src/race.rs:79:13
   |
79 |             Ok(val) => val,
   |             ^^ not found in this scope
   |
help: consider importing this tuple variant
   |
24 + use core::result::Result::Ok;
   |

error[E0531]: cannot find tuple struct or tuple variant `Err` in this scope
  --> /home/tait/.cargo/registry/src/index.crates.io-6f17d22bba15001f/once_cell-1.19.0/src/race.rs:80:13
   |
80 |             Err(void) => match void {},
   |             ^^^ not found in this scope
   |
help: consider importing this tuple variant
   |
24 + use core::result::Result::Err;
   |

error[E0405]: cannot find trait `FnOnce` in this scope
  --> /home/tait/.cargo/registry/src/index.crates.io-6f17d22bba15001f/once_cell-1.19.0/src/race.rs:93:12
   |
93 |         F: FnOnce() -> Result<NonZeroUsize, E>,
   |            ^^^^^^ not found in this scope
   |
help: consider importing this trait
   |
24 + use core::ops::FnOnce;
   |

error[E0412]: cannot find type `Result` in this scope
  --> /home/tait/.cargo/registry/src/index.crates.io-6f17d22bba15001f/once_cell-1.19.0/src/race.rs:93:24
   |
93 |         F: FnOnce() -> Result<NonZeroUsize, E>,
   |                        ^^^^^^ not found in this scope
   |
help: consider importing one of these items
   |
24 + use core::fmt::Result;
   |
24 + use core::result::Result;
   |
24 + use alloc::fmt::Result;
   |

error[E0412]: cannot find type `Result` in this scope
  --> /home/tait/.cargo/registry/src/index.crates.io-6f17d22bba15001f/once_cell-1.19.0/src/race.rs:91:50
   |
91 |     pub fn get_or_try_init<F, E>(&self, f: F) -> Result<NonZeroUsize, E>
   |                                                  ^^^^^^ not found in this scope
   |
help: consider importing one of these items
   |
24 + use core::fmt::Result;
   |
24 + use core::result::Result;
   |
24 + use alloc::fmt::Result;
   |

error[E0531]: cannot find tuple struct or tuple variant `Some` in this scope
  --> /home/tait/.cargo/registry/src/index.crates.io-6f17d22bba15001f/once_cell-1.19.0/src/race.rs:97:13
   |
97 |             Some(it) => it,
   |             ^^^^ not found in this scope
   |
help: consider importing this tuple variant
   |
24 + use core::option::Option::Some;
   |

error[E0531]: cannot find tuple struct or tuple variant `Err` in this scope
   --> /home/tait/.cargo/registry/src/index.crates.io-6f17d22bba15001f/once_cell-1.19.0/src/race.rs:102:24
    |
102 |                 if let Err(old) = exchange {
    |                        ^^^ not found in this scope
    |
help: consider importing this tuple variant
    |
24  + use core::result::Result::Err;
    |

error[E0425]: cannot find function, tuple struct or tuple variant `Ok` in this scope
   --> /home/tait/.cargo/registry/src/index.crates.io-6f17d22bba15001f/once_cell-1.19.0/src/race.rs:108:9
    |
108 |         Ok(res)
    |         ^^ not found in this scope
    |
help: consider importing this tuple variant
    |
24  + use core::result::Result::Ok;
    |

error[E0412]: cannot find type `Option` in this scope
   --> /home/tait/.cargo/registry/src/index.crates.io-6f17d22bba15001f/once_cell-1.19.0/src/race.rs:127:26
    |
127 |     pub fn get(&self) -> Option<bool> {
    |                          ^^^^^^ not found in this scope
    |
help: consider importing this enum
    |
24  + use core::option::Option;
    |

error[E0412]: cannot find type `Result` in this scope
   --> /home/tait/.cargo/registry/src/index.crates.io-6f17d22bba15001f/once_cell-1.19.0/src/race.rs:136:39
    |
136 |     pub fn set(&self, value: bool) -> Result<(), ()> {
    |                                       ^^^^^^ not found in this scope
    |
help: consider importing one of these items
    |
24  + use core::fmt::Result;
    |
24  + use core::result::Result;
    |
24  + use alloc::fmt::Result;
    |

error[E0405]: cannot find trait `FnOnce` in this scope
   --> /home/tait/.cargo/registry/src/index.crates.io-6f17d22bba15001f/once_cell-1.19.0/src/race.rs:148:12
    |
148 |         F: FnOnce() -> bool,
    |            ^^^^^^ not found in this scope
    |
help: consider importing this trait
    |
24  + use core::ops::FnOnce;
    |

error[E0405]: cannot find trait `FnOnce` in this scope
   --> /home/tait/.cargo/registry/src/index.crates.io-6f17d22bba15001f/once_cell-1.19.0/src/race.rs:162:12
    |
162 |         F: FnOnce() -> Result<bool, E>,
    |            ^^^^^^ not found in this scope
    |
help: consider importing this trait
    |
24  + use core::ops::FnOnce;
    |

error[E0412]: cannot find type `Result` in this scope
   --> /home/tait/.cargo/registry/src/index.crates.io-6f17d22bba15001f/once_cell-1.19.0/src/race.rs:162:24
    |
162 |         F: FnOnce() -> Result<bool, E>,
    |                        ^^^^^^ not found in this scope
    |
help: consider importing one of these items
    |
24  + use core::fmt::Result;
    |
24  + use core::result::Result;
    |
24  + use alloc::fmt::Result;
    |

error[E0412]: cannot find type `Result` in this scope
   --> /home/tait/.cargo/registry/src/index.crates.io-6f17d22bba15001f/once_cell-1.19.0/src/race.rs:160:50
    |
160 |     pub fn get_or_try_init<F, E>(&self, f: F) -> Result<bool, E>
    |                                                  ^^^^^^ not found in this scope
    |
help: consider importing one of these items
    |
24  + use core::fmt::Result;
    |
24  + use core::result::Result;
    |
24  + use alloc::fmt::Result;
    |

error[E0405]: cannot find trait `Sync` in this scope
   --> /home/tait/.cargo/registry/src/index.crates.io-6f17d22bba15001f/once_cell-1.19.0/src/race.rs:185:26
    |
185 | unsafe impl<'a, T: Sync> Sync for OnceRef<'a, T> {}
    |                          ^^^^ not found in this scope
    |
help: consider importing this trait
    |
24  + use core::marker::Sync;
    |

error[E0405]: cannot find trait `Sync` in this scope
   --> /home/tait/.cargo/registry/src/index.crates.io-6f17d22bba15001f/once_cell-1.19.0/src/race.rs:185:20
    |
185 | unsafe impl<'a, T: Sync> Sync for OnceRef<'a, T> {}
    |                    ^^^^ not found in this scope
    |
help: consider importing this trait
    |
24  + use core::marker::Sync;
    |

error[E0405]: cannot find trait `Default` in this scope
   --> /home/tait/.cargo/registry/src/index.crates.io-6f17d22bba15001f/once_cell-1.19.0/src/race.rs:193:13
    |
193 | impl<'a, T> Default for OnceRef<'a, T> {
    |             ^^^^^^^ not found in this scope
    |
help: consider importing this trait
    |
24  + use core::default::Default;
    |

error[E0412]: cannot find type `Option` in this scope
   --> /home/tait/.cargo/registry/src/index.crates.io-6f17d22bba15001f/once_cell-1.19.0/src/race.rs:206:26
    |
206 |     pub fn get(&self) -> Option<&'a T> {
    |                          ^^^^^^ not found in this scope
    |
help: consider importing this enum
    |
24  + use core::option::Option;
    |

error[E0412]: cannot find type `Result` in this scope
   --> /home/tait/.cargo/registry/src/index.crates.io-6f17d22bba15001f/once_cell-1.19.0/src/race.rs:215:40
    |
215 |     pub fn set(&self, value: &'a T) -> Result<(), ()> {
    |                                        ^^^^^^ not found in this scope
    |
help: consider importing one of these items
    |
24  + use core::fmt::Result;
    |
24  + use core::result::Result;
    |
24  + use alloc::fmt::Result;
    |

error[E0531]: cannot find tuple struct or tuple variant `Ok` in this scope
   --> /home/tait/.cargo/registry/src/index.crates.io-6f17d22bba15001f/once_cell-1.19.0/src/race.rs:220:13
    |
220 |             Ok(_) => Ok(()),
    |             ^^ not found in this scope
    |
help: consider importing this tuple variant
    |
24  + use core::result::Result::Ok;
    |

error[E0425]: cannot find function, tuple struct or tuple variant `Ok` in this scope
   --> /home/tait/.cargo/registry/src/index.crates.io-6f17d22bba15001f/once_cell-1.19.0/src/race.rs:220:22
    |
220 |             Ok(_) => Ok(()),
    |                      ^^ not found in this scope
    |
help: consider importing this tuple variant
    |
24  + use core::result::Result::Ok;
    |

error[E0531]: cannot find tuple struct or tuple variant `Err` in this scope
   --> /home/tait/.cargo/registry/src/index.crates.io-6f17d22bba15001f/once_cell-1.19.0/src/race.rs:221:13
    |
221 |             Err(_) => Err(()),
    |             ^^^ not found in this scope
    |
help: consider importing this tuple variant
    |
24  + use core::result::Result::Err;
    |

error[E0425]: cannot find function, tuple struct or tuple variant `Err` in this scope
   --> /home/tait/.cargo/registry/src/index.crates.io-6f17d22bba15001f/once_cell-1.19.0/src/race.rs:221:23
    |
221 |             Err(_) => Err(()),
    |                       ^^^ not found in this scope
    |
help: consider importing this tuple variant
    |
24  + use core::result::Result::Err;
    |

error[E0405]: cannot find trait `FnOnce` in this scope
   --> /home/tait/.cargo/registry/src/index.crates.io-6f17d22bba15001f/once_cell-1.19.0/src/race.rs:233:12
    |
233 |         F: FnOnce() -> &'a T,
    |            ^^^^^^ not found in this scope
    |
help: consider importing this trait
    |
24  + use core::ops::FnOnce;
    |

error[E0425]: cannot find function, tuple struct or tuple variant `Ok` in this scope
   --> /home/tait/.cargo/registry/src/index.crates.io-6f17d22bba15001f/once_cell-1.19.0/src/race.rs:236:39
    |
236 |         match self.get_or_try_init(|| Ok::<&'a T, Void>(f())) {
    |                                       ^^ not found in this scope
    |
help: consider importing this tuple variant
    |
24  + use core::result::Result::Ok;
    |

error[E0531]: cannot find tuple struct or tuple variant `Ok` in this scope
   --> /home/tait/.cargo/registry/src/index.crates.io-6f17d22bba15001f/once_cell-1.19.0/src/race.rs:237:13
    |
237 |             Ok(val) => val,
    |             ^^ not found in this scope
    |
help: consider importing this tuple variant
    |
24  + use core::result::Result::Ok;
    |

error[E0531]: cannot find tuple struct or tuple variant `Err` in this scope
   --> /home/tait/.cargo/registry/src/index.crates.io-6f17d22bba15001f/once_cell-1.19.0/src/race.rs:238:13
    |
238 |             Err(void) => match void {},
    |             ^^^ not found in this scope
    |
help: consider importing this tuple variant
    |
24  + use core::result::Result::Err;
    |

error[E0405]: cannot find trait `FnOnce` in this scope
   --> /home/tait/.cargo/registry/src/index.crates.io-6f17d22bba15001f/once_cell-1.19.0/src/race.rs:251:12
    |
251 |         F: FnOnce() -> Result<&'a T, E>,
    |            ^^^^^^ not found in this scope
    |
help: consider importing this trait
    |
24  + use core::ops::FnOnce;
    |

error[E0412]: cannot find type `Result` in this scope
   --> /home/tait/.cargo/registry/src/index.crates.io-6f17d22bba15001f/once_cell-1.19.0/src/race.rs:251:24
    |
251 |         F: FnOnce() -> Result<&'a T, E>,
    |                        ^^^^^^ not found in this scope
    |
help: consider importing one of these items
    |
24  + use core::fmt::Result;
    |
24  + use core::result::Result;
    |
24  + use alloc::fmt::Result;
    |

error[E0412]: cannot find type `Result` in this scope
   --> /home/tait/.cargo/registry/src/index.crates.io-6f17d22bba15001f/once_cell-1.19.0/src/race.rs:249:50
    |
249 |     pub fn get_or_try_init<F, E>(&self, f: F) -> Result<&'a T, E>
    |                                                  ^^^^^^ not found in this scope
    |
help: consider importing one of these items
    |
24  + use core::fmt::Result;
    |
24  + use core::result::Result;
    |
24  + use alloc::fmt::Result;
    |

error[E0531]: cannot find tuple struct or tuple variant `Err` in this scope
   --> /home/tait/.cargo/registry/src/index.crates.io-6f17d22bba15001f/once_cell-1.19.0/src/race.rs:264:20
    |
264 |             if let Err(old) = exchange {
    |                    ^^^ not found in this scope
    |
help: consider importing this tuple variant
    |
24  + use core::result::Result::Err;
    |

error[E0425]: cannot find function, tuple struct or tuple variant `Ok` in this scope
   --> /home/tait/.cargo/registry/src/index.crates.io-6f17d22bba15001f/once_cell-1.19.0/src/race.rs:269:9
    |
269 |         Ok(unsafe { &*ptr })
    |         ^^ not found in this scope
    |
help: consider importing this tuple variant
    |
24  + use core::result::Result::Ok;
    |

error[E0412]: cannot find type `Option` in this scope
   --> /home/tait/.cargo/registry/src/index.crates.io-6f17d22bba15001f/once_cell-1.19.0/src/race.rs:303:28
    |
303 |         ghost: PhantomData<Option<Box<T>>>,
    |                            ^^^^^^ not found in this scope
    |
help: consider importing this enum
    |
295 +     use core::option::Option;
    |

error[E0405]: cannot find trait `Default` in this scope
   --> /home/tait/.cargo/registry/src/index.crates.io-6f17d22bba15001f/once_cell-1.19.0/src/race.rs:312:13
    |
312 |     impl<T> Default for OnceBox<T> {
    |             ^^^^^^^ not found in this scope
    |
help: consider importing this trait
    |
295 +     use core::default::Default;
    |

error[E0405]: cannot find trait `Drop` in this scope
   --> /home/tait/.cargo/registry/src/index.crates.io-6f17d22bba15001f/once_cell-1.19.0/src/race.rs:318:13
    |
318 |     impl<T> Drop for OnceBox<T> {
    |             ^^^^ not found in this scope
    |
help: consider importing this trait
    |
295 +     use core::ops::Drop;
    |

error[E0425]: cannot find function `drop` in this scope
   --> /home/tait/.cargo/registry/src/index.crates.io-6f17d22bba15001f/once_cell-1.19.0/src/race.rs:322:17
    |
322 |                 drop(unsafe { Box::from_raw(ptr) })
    |                 ^^^^ not found in this scope
    |
help: consider using the method on `Self`
    |
322 |                 self.drop(unsafe { Box::from_raw(ptr) })
    |                 +++++
help: consider importing this function
    |
295 +     use core::mem::drop;
    |

error[E0412]: cannot find type `Option` in this scope
   --> /home/tait/.cargo/registry/src/index.crates.io-6f17d22bba15001f/once_cell-1.19.0/src/race.rs:334:30
    |
334 |         pub fn get(&self) -> Option<&T> {
    |                              ^^^^^^ not found in this scope
    |
help: consider importing this enum
    |
295 +     use core::option::Option;
    |

error[E0425]: cannot find value `None` in this scope
   --> /home/tait/.cargo/registry/src/index.crates.io-6f17d22bba15001f/once_cell-1.19.0/src/race.rs:337:24
    |
337 |                 return None;
    |                        ^^^^ not found in this scope
    |
help: consider importing this unit variant
    |
295 +     use core::option::Option::None;
    |

error[E0425]: cannot find function, tuple struct or tuple variant `Some` in this scope
   --> /home/tait/.cargo/registry/src/index.crates.io-6f17d22bba15001f/once_cell-1.19.0/src/race.rs:339:13
    |
339 |             Some(unsafe { &*ptr })
    |             ^^^^ not found in this scope
    |
help: consider importing this tuple variant
    |
295 +     use core::option::Option::Some;
    |

error[E0412]: cannot find type `Result` in this scope
   --> /home/tait/.cargo/registry/src/index.crates.io-6f17d22bba15001f/once_cell-1.19.0/src/race.rs:346:45
    |
346 |         pub fn set(&self, value: Box<T>) -> Result<(), Box<T>> {
    |                                             ^^^^^^ not found in this scope
    |
help: consider importing one of these items
    |
295 +     use core::fmt::Result;
    |
295 +     use core::result::Result;
    |
295 +     use alloc::fmt::Result;
    |

error[E0425]: cannot find function, tuple struct or tuple variant `Err` in this scope
   --> /home/tait/.cargo/registry/src/index.crates.io-6f17d22bba15001f/once_cell-1.19.0/src/race.rs:356:24
    |
356 |                 return Err(value);
    |                        ^^^ not found in this scope
    |
help: consider importing this tuple variant
    |
295 +     use core::result::Result::Err;
    |

error[E0425]: cannot find function, tuple struct or tuple variant `Ok` in this scope
   --> /home/tait/.cargo/registry/src/index.crates.io-6f17d22bba15001f/once_cell-1.19.0/src/race.rs:358:13
    |
358 |             Ok(())
    |             ^^ not found in this scope
    |
help: consider importing this tuple variant
    |
295 +     use core::result::Result::Ok;
    |

error[E0405]: cannot find trait `FnOnce` in this scope
   --> /home/tait/.cargo/registry/src/index.crates.io-6f17d22bba15001f/once_cell-1.19.0/src/race.rs:369:16
    |
369 |             F: FnOnce() -> Box<T>,
    |                ^^^^^^ not found in this scope
    |
help: consider importing this trait
    |
295 +     use core::ops::FnOnce;
    |

error[E0425]: cannot find function, tuple struct or tuple variant `Ok` in this scope
   --> /home/tait/.cargo/registry/src/index.crates.io-6f17d22bba15001f/once_cell-1.19.0/src/race.rs:372:43
    |
372 |             match self.get_or_try_init(|| Ok::<Box<T>, Void>(f())) {
    |                                           ^^ not found in this scope
    |
help: consider importing this tuple variant
    |
295 +     use core::result::Result::Ok;
    |

error[E0531]: cannot find tuple struct or tuple variant `Ok` in this scope
   --> /home/tait/.cargo/registry/src/index.crates.io-6f17d22bba15001f/once_cell-1.19.0/src/race.rs:373:17
    |
373 |                 Ok(val) => val,
    |                 ^^ not found in this scope
    |
help: consider importing this tuple variant
    |
295 +     use core::result::Result::Ok;
    |

error[E0531]: cannot find tuple struct or tuple variant `Err` in this scope
   --> /home/tait/.cargo/registry/src/index.crates.io-6f17d22bba15001f/once_cell-1.19.0/src/race.rs:374:17
    |
374 |                 Err(void) => match void {},
    |                 ^^^ not found in this scope
    |
help: consider importing this tuple variant
    |
295 +     use core::result::Result::Err;
    |

error[E0405]: cannot find trait `FnOnce` in this scope
   --> /home/tait/.cargo/registry/src/index.crates.io-6f17d22bba15001f/once_cell-1.19.0/src/race.rs:387:16
    |
387 |             F: FnOnce() -> Result<Box<T>, E>,
    |                ^^^^^^ not found in this scope
    |
help: consider importing this trait
    |
295 +     use core::ops::FnOnce;
    |

error[E0412]: cannot find type `Result` in this scope
   --> /home/tait/.cargo/registry/src/index.crates.io-6f17d22bba15001f/once_cell-1.19.0/src/race.rs:387:28
    |
387 |             F: FnOnce() -> Result<Box<T>, E>,
    |                            ^^^^^^ not found in this scope
    |
help: consider importing one of these items
    |
295 +     use core::fmt::Result;
    |
295 +     use core::result::Result;
    |
295 +     use alloc::fmt::Result;
    |

error[E0412]: cannot find type `Result` in this scope
   --> /home/tait/.cargo/registry/src/index.crates.io-6f17d22bba15001f/once_cell-1.19.0/src/race.rs:385:54
    |
385 |         pub fn get_or_try_init<F, E>(&self, f: F) -> Result<&T, E>
    |                                                      ^^^^^^ not found in this scope
    |
help: consider importing one of these items
    |
295 +     use core::fmt::Result;
    |
295 +     use core::result::Result;
    |
295 +     use alloc::fmt::Result;
    |

error[E0531]: cannot find tuple struct or tuple variant `Err` in this scope
   --> /home/tait/.cargo/registry/src/index.crates.io-6f17d22bba15001f/once_cell-1.19.0/src/race.rs:400:24
    |
400 |                 if let Err(old) = exchange {
    |                        ^^^ not found in this scope
    |
help: consider importing this tuple variant
    |
295 +     use core::result::Result::Err;
    |

error[E0425]: cannot find function `drop` in this scope
   --> /home/tait/.cargo/registry/src/index.crates.io-6f17d22bba15001f/once_cell-1.19.0/src/race.rs:401:21
    |
401 |                     drop(unsafe { Box::from_raw(ptr) });
    |                     ^^^^ not found in this scope
    |
help: consider importing this function
    |
295 +     use core::mem::drop;
    |

error[E0425]: cannot find function, tuple struct or tuple variant `Ok` in this scope
   --> /home/tait/.cargo/registry/src/index.crates.io-6f17d22bba15001f/once_cell-1.19.0/src/race.rs:405:13
    |
405 |             Ok(unsafe { &*ptr })
    |             ^^ not found in this scope
    |
help: consider importing this tuple variant
    |
295 +     use core::result::Result::Ok;
    |

error[E0405]: cannot find trait `Sync` in this scope
   --> /home/tait/.cargo/registry/src/index.crates.io-6f17d22bba15001f/once_cell-1.19.0/src/race.rs:409:33
    |
409 |     unsafe impl<T: Sync + Send> Sync for OnceBox<T> {}
    |                                 ^^^^ not found in this scope
    |
help: consider importing this trait
    |
295 +     use core::marker::Sync;
    |

error[E0405]: cannot find trait `Sync` in this scope
   --> /home/tait/.cargo/registry/src/index.crates.io-6f17d22bba15001f/once_cell-1.19.0/src/race.rs:409:20
    |
409 |     unsafe impl<T: Sync + Send> Sync for OnceBox<T> {}
    |                    ^^^^ not found in this scope
    |
help: consider importing this trait
    |
295 +     use core::marker::Sync;
    |

error[E0405]: cannot find trait `Send` in this scope
   --> /home/tait/.cargo/registry/src/index.crates.io-6f17d22bba15001f/once_cell-1.19.0/src/race.rs:409:27
    |
409 |     unsafe impl<T: Sync + Send> Sync for OnceBox<T> {}
    |                           ^^^^ not found in this scope
    |
help: consider importing this trait
    |
295 +     use core::marker::Send;
    |

error[E0392]: type parameter `T` is never used
   --> /home/tait/.cargo/registry/src/index.crates.io-6f17d22bba15001f/once_cell-1.19.0/src/lib.rs:901:25
    |
901 |     pub struct OnceCell<T>(Imp<T>);
    |                         ^ unused type parameter
    |
    = help: consider removing `T`, referring to it in a field, or using a marker such as `PhantomData`
    = help: if you intended `T` to be a const parameter, use `const T: /* Type */` instead

Some errors have detailed explanations: E0392, E0405, E0408, E0412, E0425, E0463, E0531.
For more information about an error, try `rustc --explain E0392`.
error: could not compile `once_cell` (lib) due to 225 previous errors
warning: build failed, waiting for other jobs to finish...
